<?xml version="1.0" encoding="UTF-8"?>
<coverage generated="1735308949">
  <project timestamp="1735308949">
    <file name="/var/www/html/app/Contracts/Repositories/UserRepositoryInterface.php">
      <metrics loc="16" ncloc="16" classes="0" methods="0" coveredmethods="0" conditionals="0" coveredconditionals="0" statements="0" coveredstatements="0" elements="0" coveredelements="0"/>
    </file>
    <file name="/var/www/html/app/Contracts/Services/UserServiceInterface.php">
      <metrics loc="17" ncloc="15" classes="0" methods="0" coveredmethods="0" conditionals="0" coveredconditionals="0" statements="0" coveredstatements="0" elements="0" coveredelements="0"/>
    </file>
    <package name="App\Http\Controllers\Api">
      <file name="/var/www/html/app/Http/Controllers/Api/UserController.php">
        <class name="App\Http\Controllers\Api\UserController" namespace="App\Http\Controllers\Api">
          <metrics complexity="7" methods="7" coveredmethods="7" conditionals="0" coveredconditionals="0" statements="15" coveredstatements="15" elements="22" coveredelements="22"/>
        </class>
        <line num="13" type="method" name="__construct" visibility="public" complexity="1" crap="1" count="7"/>
        <line num="15" type="stmt" count="7"/>
        <line num="18" type="method" name="store" visibility="public" complexity="1" crap="1" count="1"/>
        <line num="20" type="stmt" count="1"/>
        <line num="21" type="stmt" count="1"/>
        <line num="23" type="stmt" count="1"/>
        <line num="26" type="method" name="show" visibility="public" complexity="1" crap="1" count="1"/>
        <line num="28" type="stmt" count="1"/>
        <line num="30" type="stmt" count="1"/>
        <line num="33" type="method" name="update" visibility="public" complexity="1" crap="1" count="1"/>
        <line num="35" type="stmt" count="1"/>
        <line num="36" type="stmt" count="1"/>
        <line num="38" type="stmt" count="1"/>
        <line num="41" type="method" name="destroy" visibility="public" complexity="1" crap="1" count="1"/>
        <line num="43" type="stmt" count="1"/>
        <line num="45" type="stmt" count="1"/>
        <line num="48" type="method" name="findByUsername" visibility="public" complexity="1" crap="1" count="1"/>
        <line num="50" type="stmt" count="1"/>
        <line num="52" type="stmt" count="1"/>
        <line num="55" type="method" name="findByEmail" visibility="public" complexity="1" crap="1" count="1"/>
        <line num="57" type="stmt" count="1"/>
        <line num="59" type="stmt" count="1"/>
        <metrics loc="62" ncloc="62" classes="1" methods="7" coveredmethods="7" conditionals="0" coveredconditionals="0" statements="15" coveredstatements="15" elements="22" coveredelements="22"/>
      </file>
    </package>
    <package name="App\Http\Controllers">
      <file name="/var/www/html/app/Http/Controllers/Controller.php">
        <class name="App\Http\Controllers\Controller" namespace="App\Http\Controllers">
          <metrics complexity="0" methods="0" coveredmethods="0" conditionals="0" coveredconditionals="0" statements="0" coveredstatements="0" elements="0" coveredelements="0"/>
        </class>
        <metrics loc="9" ncloc="8" classes="0" methods="0" coveredmethods="0" conditionals="0" coveredconditionals="0" statements="0" coveredstatements="0" elements="0" coveredelements="0"/>
      </file>
    </package>
    <package name="App\Http\Requests">
      <file name="/var/www/html/app/Http/Requests/UserRequest.php">
        <class name="App\Http\Requests\UserRequest" namespace="App\Http\Requests">
          <metrics complexity="5" methods="4" coveredmethods="4" conditionals="0" coveredconditionals="0" statements="22" coveredstatements="22" elements="26" coveredelements="26"/>
        </class>
        <line num="14" type="method" name="authorize" visibility="public" complexity="1" crap="1" count="3"/>
        <line num="16" type="stmt" count="3"/>
        <line num="24" type="method" name="rules" visibility="public" complexity="2" crap="2" count="3"/>
        <line num="26" type="stmt" count="3"/>
        <line num="28" type="stmt" count="3"/>
        <line num="29" type="stmt" count="2"/>
        <line num="30" type="stmt" count="2"/>
        <line num="31" type="stmt" count="2"/>
        <line num="32" type="stmt" count="2"/>
        <line num="33" type="stmt" count="2"/>
        <line num="36" type="stmt" count="1"/>
        <line num="37" type="stmt" count="1"/>
        <line num="38" type="stmt" count="1"/>
        <line num="39" type="stmt" count="1"/>
        <line num="40" type="stmt" count="1"/>
        <line num="43" type="method" name="messages" visibility="public" complexity="1" crap="1" count="3"/>
        <line num="45" type="stmt" count="3"/>
        <line num="46" type="stmt" count="3"/>
        <line num="47" type="stmt" count="3"/>
        <line num="48" type="stmt" count="3"/>
        <line num="49" type="stmt" count="3"/>
        <line num="50" type="stmt" count="3"/>
        <line num="51" type="stmt" count="3"/>
        <line num="52" type="stmt" count="3"/>
        <line num="55" type="method" name="failedValidation" visibility="protected" complexity="1" crap="1" count="1"/>
        <line num="57" type="stmt" count="1"/>
        <metrics loc="60" ncloc="52" classes="1" methods="4" coveredmethods="4" conditionals="0" coveredconditionals="0" statements="22" coveredstatements="22" elements="26" coveredelements="26"/>
      </file>
    </package>
    <package name="App\Models">
      <file name="/var/www/html/app/Models/Company.php">
        <class name="App\Models\Company" namespace="App\Models">
          <metrics complexity="3" methods="3" coveredmethods="3" conditionals="0" coveredconditionals="0" statements="3" coveredstatements="3" elements="6" coveredelements="6"/>
        </class>
        <line num="27" type="method" name="user" visibility="public" complexity="1" crap="1" count="1"/>
        <line num="29" type="stmt" count="1"/>
        <line num="36" type="method" name="files" visibility="public" complexity="1" crap="1" count="1"/>
        <line num="38" type="stmt" count="1"/>
        <line num="45" type="method" name="serviceRequests" visibility="public" complexity="1" crap="1" count="1"/>
        <line num="47" type="stmt" count="1"/>
        <metrics loc="50" ncloc="38" classes="1" methods="3" coveredmethods="3" conditionals="0" coveredconditionals="0" statements="3" coveredstatements="3" elements="6" coveredelements="6"/>
      </file>
      <file name="/var/www/html/app/Models/File.php">
        <class name="App\Models\File" namespace="App\Models">
          <metrics complexity="1" methods="1" coveredmethods="1" conditionals="0" coveredconditionals="0" statements="1" coveredstatements="1" elements="2" coveredelements="2"/>
        </class>
        <line num="25" type="method" name="company" visibility="public" complexity="1" crap="1" count="1"/>
        <line num="27" type="stmt" count="1"/>
        <metrics loc="30" ncloc="26" classes="1" methods="1" coveredmethods="1" conditionals="0" coveredconditionals="0" statements="1" coveredstatements="1" elements="2" coveredelements="2"/>
      </file>
      <file name="/var/www/html/app/Models/ServiceRequest.php">
        <class name="App\Models\ServiceRequest" namespace="App\Models">
          <metrics complexity="1" methods="1" coveredmethods="1" conditionals="0" coveredconditionals="0" statements="1" coveredstatements="1" elements="2" coveredelements="2"/>
        </class>
        <line num="23" type="method" name="company" visibility="public" complexity="1" crap="1" count="1"/>
        <line num="25" type="stmt" count="1"/>
        <metrics loc="28" ncloc="24" classes="1" methods="1" coveredmethods="1" conditionals="0" coveredconditionals="0" statements="1" coveredstatements="1" elements="2" coveredelements="2"/>
      </file>
      <file name="/var/www/html/app/Models/User.php">
        <class name="App\Models\User" namespace="App\Models">
          <metrics complexity="2" methods="2" coveredmethods="2" conditionals="0" coveredconditionals="0" statements="5" coveredstatements="5" elements="7" coveredelements="7"/>
        </class>
        <line num="42" type="method" name="casts" visibility="protected" complexity="1" crap="1" count="30"/>
        <line num="44" type="stmt" count="30"/>
        <line num="45" type="stmt" count="30"/>
        <line num="46" type="stmt" count="30"/>
        <line num="47" type="stmt" count="30"/>
        <line num="54" type="method" name="companies" visibility="public" complexity="1" crap="1" count="1"/>
        <line num="56" type="stmt" count="1"/>
        <metrics loc="59" ncloc="39" classes="1" methods="2" coveredmethods="2" conditionals="0" coveredconditionals="0" statements="5" coveredstatements="5" elements="7" coveredelements="7"/>
      </file>
    </package>
    <package name="App\Providers">
      <file name="/var/www/html/app/Providers/AppServiceProvider.php">
        <class name="App\Providers\AppServiceProvider" namespace="App\Providers">
          <metrics complexity="2" methods="2" coveredmethods="2" conditionals="0" coveredconditionals="0" statements="5" coveredstatements="5" elements="7" coveredelements="7"/>
        </class>
        <line num="16" type="method" name="register" visibility="public" complexity="1" crap="1" count="32"/>
        <line num="18" type="stmt" count="32"/>
        <line num="19" type="stmt" count="7"/>
        <line num="20" type="stmt" count="32"/>
        <line num="22" type="stmt" count="32"/>
        <line num="28" type="method" name="boot" visibility="public" complexity="1" crap="1" count="32"/>
        <line num="31" type="stmt" count="32"/>
        <metrics loc="33" ncloc="26" classes="1" methods="2" coveredmethods="2" conditionals="0" coveredconditionals="0" statements="5" coveredstatements="5" elements="7" coveredelements="7"/>
      </file>
    </package>
    <package name="App\Repositories">
      <file name="/var/www/html/app/Repositories/UserRepository.php">
        <class name="App\Repositories\UserRepository" namespace="App\Repositories">
          <metrics complexity="8" methods="6" coveredmethods="4" conditionals="0" coveredconditionals="0" statements="12" coveredstatements="10" elements="18" coveredelements="14"/>
        </class>
        <line num="10" type="method" name="create" visibility="public" complexity="1" crap="1" count="13"/>
        <line num="12" type="stmt" count="13"/>
        <line num="15" type="method" name="findById" visibility="public" complexity="1" crap="1" count="8"/>
        <line num="17" type="stmt" count="8"/>
        <line num="20" type="method" name="update" visibility="public" complexity="2" crap="2.06" count="3"/>
        <line num="22" type="stmt" count="3"/>
        <line num="23" type="stmt" count="3"/>
        <line num="24" type="stmt" count="3"/>
        <line num="26" type="stmt" count="0"/>
        <line num="29" type="method" name="delete" visibility="public" complexity="2" crap="2.06" count="3"/>
        <line num="31" type="stmt" count="3"/>
        <line num="32" type="stmt" count="3"/>
        <line num="33" type="stmt" count="3"/>
        <line num="35" type="stmt" count="0"/>
        <line num="38" type="method" name="findByUsername" visibility="public" complexity="1" crap="1" count="3"/>
        <line num="40" type="stmt" count="3"/>
        <line num="43" type="method" name="findByEmail" visibility="public" complexity="1" crap="1" count="3"/>
        <line num="45" type="stmt" count="3"/>
        <metrics loc="48" ncloc="48" classes="1" methods="6" coveredmethods="4" conditionals="0" coveredconditionals="0" statements="12" coveredstatements="10" elements="18" coveredelements="14"/>
      </file>
    </package>
    <package name="App\Services">
      <file name="/var/www/html/app/Services/UserService.php">
        <class name="App\Services\UserService" namespace="App\Services">
          <metrics complexity="8" methods="7" coveredmethods="7" conditionals="0" coveredconditionals="0" statements="9" coveredstatements="9" elements="16" coveredelements="16"/>
        </class>
        <line num="12" type="method" name="__construct" visibility="public" complexity="1" crap="1" count="13"/>
        <line num="14" type="stmt" count="13"/>
        <line num="17" type="method" name="create" visibility="public" complexity="1" crap="1" count="7"/>
        <line num="19" type="stmt" count="7"/>
        <line num="22" type="method" name="findById" visibility="public" complexity="2" crap="2" count="4"/>
        <line num="24" type="stmt" count="4"/>
        <line num="25" type="stmt" count="4"/>
        <line num="28" type="method" name="update" visibility="public" complexity="1" crap="1" count="2"/>
        <line num="30" type="stmt" count="2"/>
        <line num="31" type="stmt" count="2"/>
        <line num="34" type="method" name="delete" visibility="public" complexity="1" crap="1" count="2"/>
        <line num="36" type="stmt" count="2"/>
        <line num="39" type="method" name="findByUsername" visibility="public" complexity="1" crap="1" count="2"/>
        <line num="41" type="stmt" count="2"/>
        <line num="44" type="method" name="findByEmail" visibility="public" complexity="1" crap="1" count="2"/>
        <line num="46" type="stmt" count="2"/>
        <metrics loc="49" ncloc="49" classes="1" methods="7" coveredmethods="7" conditionals="0" coveredconditionals="0" statements="9" coveredstatements="9" elements="16" coveredelements="16"/>
      </file>
    </package>
    <metrics files="12" loc="461" ncloc="403" classes="9" methods="33" coveredmethods="31" conditionals="0" coveredconditionals="0" statements="73" coveredstatements="71" elements="106" coveredelements="102"/>
  </project>
</coverage>
